java.nio.file.AccessDeniedException: C:\Users\VISAL\AppData\Local\ScalaCli\cache\.bsp-sockets.tmp-12308 -> C:\Users\VISAL\AppData\Local\ScalaCli\cache\bsp-sockets
  java.base@17.0.6/sun.nio.fs.WindowsFileCopy.move(WindowsFileCopy.java:317)
  java.base@17.0.6/sun.nio.fs.WindowsFileSystemProvider.move(WindowsFileSystemProvider.java:293)
  java.base@17.0.6/java.nio.file.Files.move(Files.java:1432)
  os.move$.apply(FileOps.scala:98)
  scala.cli.commands.shared.SharedCompilationServerOptions.socketDirectory(SharedCompilationServerOptions.scala:119)
  scala.cli.commands.shared.SharedCompilationServerOptions.bspSocketFile(SharedCompilationServerOptions.scala:139)
  scala.cli.commands.shared.SharedCompilationServerOptions.namedSocket$1$$anonfun$1(SharedCompilationServerOptions.scala:163)
  bloop.rifle.BloopRifle$.$anonfun$bsp$1(BloopRifle.scala:98)
  scala.Option.map(Option.scala:242)
  bloop.rifle.BloopRifle$.bsp(BloopRifle.scala:98)
  bloop.rifle.BloopServer$.bsp(BloopServer.scala:164)
  bloop.rifle.BloopServer$.buildServer(BloopServer.scala:187)
  scala.build.bsp.BspImpl.$anonfun$8(BspImpl.scala:419)
  scala.build.compiler.BloopCompiler.<init>(BloopCompiler.scala:15)
  scala.build.bsp.BspImpl.newBloopSession(BspImpl.scala:424)
  scala.build.bsp.BspImpl.run(BspImpl.scala:466)
  scala.cli.commands.bsp.Bsp$.runCommand$$anonfun$1(Bsp.scala:93)
  scala.runtime.function.JProcedure1.apply(JProcedure1.java:15)
  scala.runtime.function.JProcedure1.apply(JProcedure1.java:10)
  scala.build.bsp.BspThreads$.withThreads(BspThreads.scala:23)
  scala.cli.commands.bsp.Bsp$.runCommand(Bsp.scala:96)
  scala.cli.commands.bsp.Bsp$.runCommand(Bsp.scala:32)
  scala.cli.commands.ScalaCommand.run(ScalaCommand.scala:364)
  scala.cli.commands.ScalaCommand.run(ScalaCommand.scala:348)
  caseapp.core.app.CaseApp.main(CaseApp.scala:150)
  scala.cli.commands.ScalaCommand.main(ScalaCommand.scala:333)
  caseapp.core.app.CommandsEntryPoint.main(CommandsEntryPoint.scala:120)
  scala.cli.ScalaCliCommands.main(ScalaCliCommands.scala:124)
  scala.cli.ScalaCli$.main0(ScalaCli.scala:203)
  scala.cli.ScalaCli$.main(ScalaCli.scala:107)
  scala.cli.ScalaCli.main(ScalaCli.scala)
