2023.07.23 19:58:48 INFO  Started: Metals version 1.0.0 in folders 'C:\Users\VISAL\Documents\Functional programing\T6' for client Visual Studio Code 1.80.1.
Jul 23, 2023 7:58:49 PM org.flywaydb.core.internal.license.VersionPrinter printVersionOnly
INFO: Flyway Community Edition 9.20.1 by Redgate
Jul 23, 2023 7:58:49 PM org.flywaydb.core.internal.license.VersionPrinter printVersion
INFO: See release notes here: https://rd.gt/416ObMi
Jul 23, 2023 7:58:49 PM org.flywaydb.core.internal.license.VersionPrinter printVersion
INFO: 
Jul 23, 2023 7:58:49 PM org.flywaydb.core.internal.database.base.BaseDatabaseType createDatabase
INFO: Database: jdbc:h2:file:C:\Users\VISAL\Documents\Functional programing\T6\.metals\metals (H2 2.1)
Jul 23, 2023 7:58:49 PM org.flywaydb.core.internal.schemahistory.JdbcTableSchemaHistory allAppliedMigrations
INFO: Schema history table "PUBLIC"."flyway_schema_history" does not exist yet
Jul 23, 2023 7:58:49 PM org.flywaydb.core.internal.command.DbValidate validate
INFO: Successfully validated 4 migrations (execution time 00:00.023s)
Jul 23, 2023 7:58:49 PM org.flywaydb.core.internal.schemahistory.JdbcTableSchemaHistory create
INFO: Creating Schema History table "PUBLIC"."flyway_schema_history" ...
Jul 23, 2023 7:58:49 PM org.flywaydb.core.internal.command.DbMigrate migrateGroup
INFO: Current version of schema "PUBLIC": << Empty Schema >>
Jul 23, 2023 7:58:49 PM org.flywaydb.core.internal.command.DbMigrate doMigrateGroup
INFO: Migrating schema "PUBLIC" to version "1 - Create tables"
Jul 23, 2023 7:58:49 PM org.flywaydb.core.internal.command.DbMigrate doMigrateGroup
INFO: Migrating schema "PUBLIC" to version "2 - Server discovery"
Jul 23, 2023 7:58:49 PM org.flywaydb.core.internal.command.DbMigrate doMigrateGroup
INFO: Migrating schema "PUBLIC" to version "3 - Jar symbols"
Jul 23, 2023 7:58:49 PM org.flywaydb.core.internal.command.DbMigrate doMigrateGroup
INFO: Migrating schema "PUBLIC" to version "4 - Fingerprints"
Jul 23, 2023 7:58:49 PM org.flywaydb.core.internal.command.DbMigrate logSummary
INFO: Successfully applied 4 migrations to schema "PUBLIC", now at version v4 (execution time 00:00.032s)
2023.07.23 19:58:49 INFO  time: initialize in 0.81s
